<?xml version="1.0" encoding="UTF-8"?>
<!-- Generated by org.testng.reporters.JUnitXMLReporter -->
<testsuite hostname="LAPTOP-UBQPUFNI" name="Default test" tests="4" failures="0" timestamp="2 Apr 2023 06:05:56 GMT" time="52.639" errors="0">
  <testcase name="loginpagetitletest" time="0.063" classname="com.OrangeHrmDemo.qa.Testcases.LoginPageTest"/>
  <testcase name="orangehrmlogotest" time="0.998" classname="com.OrangeHrmDemo.qa.Testcases.LoginPageTest"/>
  <testcase name="loginpagetitlelogotest" time="0.722" classname="com.OrangeHrmDemo.qa.Testcases.LoginPageTest"/>
  <testcase name="logintest" time="2.308" classname="com.OrangeHrmDemo.qa.Testcases.LoginPageTest"/>
</testsuite> <!-- Default test -->
