<?xml version="1.0" encoding="UTF-8"?>
<!-- Generated by org.testng.reporters.JUnitXMLReporter -->
<testsuite ignored="0" hostname="GSK-QA-065" failures="2" tests="15" name="OrangeHRMDemo Test Cases" time="298.093" errors="0" timestamp="2023-04-06T16:59:58 IST">
  <testcase classname="com.OrangeHrmDemo.qa.Testcases.LoginPageTest" name="loginpagetitletest" time="0.023"/>
  <testcase classname="com.OrangeHrmDemo.qa.Testcases.LoginPageTest" name="orangehrmlogotest" time="1.216"/>
  <testcase classname="com.OrangeHrmDemo.qa.Testcases.LoginPageTest" name="loginpagetitlelogotest" time="0.383"/>
  <testcase classname="com.OrangeHrmDemo.qa.Testcases.LoginPageTest" name="logintest" time="2.937"/>
  <testcase classname="com.OrangeHrmDemo.qa.Testcases.DashboardPageTest" name="userlabelTest" time="10.443">
    <failure type="org.openqa.selenium.NoSuchElementException" message="no such element: Unable to locate element: {&amp;quot;method&amp;quot;:&amp;quot;xpath&amp;quot;,&amp;quot;selector&amp;quot;:&amp;quot;//p[text()=&amp;apos;Paul Collings&amp;apos;]&amp;quot;}
  (Session info: chrome=111.0.5563.147)
For documentation on this error, please visit: https://selenium.dev/exceptions/#no_such_element
Build info: version: &amp;apos;4.8.3&amp;apos;, revision: &amp;apos;e5e76298c3&amp;apos;
System info: os.name: &amp;apos;Windows 10&amp;apos;, os.arch: &amp;apos;amd64&amp;apos;, os.version: &amp;apos;10.0&amp;apos;, java.version: &amp;apos;17.0.5&amp;apos;
Driver info: org.openqa.selenium.chrome.ChromeDriver
Command: [1bcbd2ab3dbf3e411997f1bd9872fa63, findElement {using=xpath, value=//p[text()=&amp;apos;Paul Collings&amp;apos;]}]
Capabilities {acceptInsecureCerts: false, browserName: chrome, browserVersion: 111.0.5563.147, chrome: {chromedriverVersion: 111.0.5563.64 (c710e93d5b63..., userDataDir: C:\Users\BAPPAR~1\AppData\L...}, goog:chromeOptions: {debuggerAddress: localhost:51835}, networkConnectionEnabled: false, pageLoadStrategy: normal, platformName: WINDOWS, proxy: Proxy(), se:cdp: ws://localhost:51835/devtoo..., se:cdpVersion: 111.0.5563.147, setWindowRect: true, strictFileInteractability: false, timeouts: {implicit: 0, pageLoad: 300000, script: 30000}, unhandledPromptBehavior: dismiss and notify, webauthn:extension:credBlob: true, webauthn:extension:largeBlob: true, webauthn:extension:minPinLength: true, webauthn:extension:prf: true, webauthn:virtualAuthenticators: true}
Session ID: 1bcbd2ab3dbf3e411997f1bd9872fa63">
      <![CDATA[org.openqa.selenium.NoSuchElementException: no such element: Unable to locate element: {"method":"xpath","selector":"//p[text()='Paul Collings']"}
  (Session info: chrome=111.0.5563.147)
For documentation on this error, please visit: https://selenium.dev/exceptions/#no_such_element
Build info: version: '4.8.3', revision: 'e5e76298c3'
System info: os.name: 'Windows 10', os.arch: 'amd64', os.version: '10.0', java.version: '17.0.5'
Driver info: org.openqa.selenium.chrome.ChromeDriver
Command: [1bcbd2ab3dbf3e411997f1bd9872fa63, findElement {using=xpath, value=//p[text()='Paul Collings']}]
Capabilities {acceptInsecureCerts: false, browserName: chrome, browserVersion: 111.0.5563.147, chrome: {chromedriverVersion: 111.0.5563.64 (c710e93d5b63..., userDataDir: C:\Users\BAPPAR~1\AppData\L...}, goog:chromeOptions: {debuggerAddress: localhost:51835}, networkConnectionEnabled: false, pageLoadStrategy: normal, platformName: WINDOWS, proxy: Proxy(), se:cdp: ws://localhost:51835/devtoo..., se:cdpVersion: 111.0.5563.147, setWindowRect: true, strictFileInteractability: false, timeouts: {implicit: 0, pageLoad: 300000, script: 30000}, unhandledPromptBehavior: dismiss and notify, webauthn:extension:credBlob: true, webauthn:extension:largeBlob: true, webauthn:extension:minPinLength: true, webauthn:extension:prf: true, webauthn:virtualAuthenticators: true}
Session ID: 1bcbd2ab3dbf3e411997f1bd9872fa63
at org.openqa.selenium.remote.codec.w3c.W3CHttpResponseCodec.createException(W3CHttpResponseCodec.java:200)
at org.openqa.selenium.remote.codec.w3c.W3CHttpResponseCodec.decode(W3CHttpResponseCodec.java:133)
at org.openqa.selenium.remote.codec.w3c.W3CHttpResponseCodec.decode(W3CHttpResponseCodec.java:53)
at org.openqa.selenium.remote.HttpCommandExecutor.execute(HttpCommandExecutor.java:193)
at org.openqa.selenium.remote.service.DriverCommandExecutor.invokeExecute(DriverCommandExecutor.java:183)
at org.openqa.selenium.remote.service.DriverCommandExecutor.execute(DriverCommandExecutor.java:158)
at org.openqa.selenium.remote.RemoteWebDriver.execute(RemoteWebDriver.java:543)
at org.openqa.selenium.remote.ElementLocation$ElementFinder$2.findElement(ElementLocation.java:162)
at org.openqa.selenium.remote.ElementLocation.findElement(ElementLocation.java:60)
at org.openqa.selenium.remote.RemoteWebDriver.findElement(RemoteWebDriver.java:352)
at org.openqa.selenium.remote.RemoteWebDriver.findElement(RemoteWebDriver.java:344)
at org.openqa.selenium.support.pagefactory.DefaultElementLocator.findElement(DefaultElementLocator.java:70)
at org.openqa.selenium.support.pagefactory.internal.LocatingElementHandler.invoke(LocatingElementHandler.java:39)
at jdk.proxy2/jdk.proxy2.$Proxy18.isDisplayed(Unknown Source)
at com.OrangeHrmDemo.qa.Pages.Dashboard.validateuserlabel(Dashboard.java:33)
at com.OrangeHrmDemo.qa.Testcases.DashboardPageTest.userlabelTest(DashboardPageTest.java:38)
at java.base/java.util.ArrayList.forEach(ArrayList.java:1511)
... Removed 32 stack frames]]>
    </failure>
  </testcase> <!-- userlabelTest -->
  <testcase classname="com.OrangeHrmDemo.qa.Testcases.DashboardPageTest" name="dashboardlabeltest" time="0.398"/>
  <testcase classname="com.OrangeHrmDemo.qa.Testcases.DashboardPageTest" name="myinfotest" time="2.138"/>
  <testcase classname="com.OrangeHrmDemo.qa.Testcases.DashboardPageTest" name="leavetest" time="4.392"/>
  <testcase classname="com.OrangeHrmDemo.qa.Testcases.DashboardPageTest" name="requirmentstest" time="3.42"/>
  <testcase classname="com.OrangeHrmDemo.qa.Testcases.RequirementsPageTest" name="requirementslabletest" time="0.605"/>
  <testcase classname="com.OrangeHrmDemo.qa.Testcases.RequirementsPageTest" name="candidatelabeltest" time="0.574"/>
  <testcase classname="com.OrangeHrmDemo.qa.Testcases.RequirementsPageTest" name="selectcheckboxtest" time="1.013">
    <failure type="java.lang.AssertionError" message="expected [true] but found [false]">
      <![CDATA[java.lang.AssertionError: expected [true] but found [false]
at com.OrangeHrmDemo.qa.Testcases.RequirementsPageTest.selectcheckboxtest(RequirementsPageTest.java:50)
at java.base/java.util.ArrayList.forEach(ArrayList.java:1511)
... Removed 31 stack frames]]>
    </failure>
  </testcase> <!-- selectcheckboxtest -->
  <testcase classname="com.OrangeHrmDemo.qa.Testcases.RequirementsPageTest" name="createnewrqmtstest" time="3.028"/>
  <testcase classname="com.OrangeHrmDemo.qa.Testcases.RequirementsPageTest" name="createnewrqmtstest" time="1.963"/>
  <testcase classname="com.OrangeHrmDemo.qa.Testcases.RequirementsPageTest" name="createnewrqmtstest" time="2.123"/>
</testsuite> <!-- OrangeHRMDemo Test Cases -->
