<?xml version="1.0" encoding="UTF-8"?>
<testng-results skipped="0" failed="1" total="9" passed="8">
  <reporter-output>
  </reporter-output>
  <suite name="OrangeHRMDemo Application Test Automation Test Suite" duration-ms="98989" started-at="2023-04-02T09:23:47Z" finished-at="2023-04-02T09:25:26Z">
    <groups>
    </groups>
    <test name="OrangeHRMDemo Test Cases" duration-ms="98989" started-at="2023-04-02T09:23:47Z" finished-at="2023-04-02T09:25:26Z">
      <class name="com.OrangeHrmDemo.qa.Testcases.LoginPageTest">
        <test-method status="PASS" signature="setUp()[pri:0, instance:com.OrangeHrmDemo.qa.Testcases.LoginPageTest@3498ed]" name="setUp" is-config="true" duration-ms="11843" started-at="2023-04-02T14:53:47Z" finished-at="2023-04-02T14:53:58Z">
          <reporter-output>
          </reporter-output>
        </test-method> <!-- setUp -->
        <test-method status="PASS" signature="loginpagetitletest()[pri:1, instance:com.OrangeHrmDemo.qa.Testcases.LoginPageTest@3498ed]" name="loginpagetitletest" duration-ms="21" started-at="2023-04-02T14:53:58Z" finished-at="2023-04-02T14:53:58Z">
          <reporter-output>
          </reporter-output>
        </test-method> <!-- loginpagetitletest -->
        <test-method status="PASS" signature="tearDown()[pri:0, instance:com.OrangeHrmDemo.qa.Testcases.LoginPageTest@3498ed]" name="tearDown" is-config="true" duration-ms="1021" started-at="2023-04-02T14:53:58Z" finished-at="2023-04-02T14:53:59Z">
          <reporter-output>
          </reporter-output>
        </test-method> <!-- tearDown -->
        <test-method status="PASS" signature="setUp()[pri:0, instance:com.OrangeHrmDemo.qa.Testcases.LoginPageTest@3498ed]" name="setUp" is-config="true" duration-ms="6031" started-at="2023-04-02T14:53:59Z" finished-at="2023-04-02T14:54:06Z">
          <reporter-output>
          </reporter-output>
        </test-method> <!-- setUp -->
        <test-method status="PASS" signature="orangehrmlogotest()[pri:2, instance:com.OrangeHrmDemo.qa.Testcases.LoginPageTest@3498ed]" name="orangehrmlogotest" duration-ms="688" started-at="2023-04-02T14:54:06Z" finished-at="2023-04-02T14:54:06Z">
          <reporter-output>
          </reporter-output>
        </test-method> <!-- orangehrmlogotest -->
        <test-method status="PASS" signature="tearDown()[pri:0, instance:com.OrangeHrmDemo.qa.Testcases.LoginPageTest@3498ed]" name="tearDown" is-config="true" duration-ms="833" started-at="2023-04-02T14:54:06Z" finished-at="2023-04-02T14:54:07Z">
          <reporter-output>
          </reporter-output>
        </test-method> <!-- tearDown -->
        <test-method status="PASS" signature="setUp()[pri:0, instance:com.OrangeHrmDemo.qa.Testcases.LoginPageTest@3498ed]" name="setUp" is-config="true" duration-ms="5808" started-at="2023-04-02T14:54:07Z" finished-at="2023-04-02T14:54:13Z">
          <reporter-output>
          </reporter-output>
        </test-method> <!-- setUp -->
        <test-method status="PASS" signature="loginpagetitlelogotest()[pri:3, instance:com.OrangeHrmDemo.qa.Testcases.LoginPageTest@3498ed]" name="loginpagetitlelogotest" duration-ms="679" started-at="2023-04-02T14:54:13Z" finished-at="2023-04-02T14:54:14Z">
          <reporter-output>
          </reporter-output>
        </test-method> <!-- loginpagetitlelogotest -->
        <test-method status="PASS" signature="tearDown()[pri:0, instance:com.OrangeHrmDemo.qa.Testcases.LoginPageTest@3498ed]" name="tearDown" is-config="true" duration-ms="1025" started-at="2023-04-02T14:54:14Z" finished-at="2023-04-02T14:54:15Z">
          <reporter-output>
          </reporter-output>
        </test-method> <!-- tearDown -->
        <test-method status="PASS" signature="setUp()[pri:0, instance:com.OrangeHrmDemo.qa.Testcases.LoginPageTest@3498ed]" name="setUp" is-config="true" duration-ms="5942" started-at="2023-04-02T14:54:15Z" finished-at="2023-04-02T14:54:21Z">
          <reporter-output>
          </reporter-output>
        </test-method> <!-- setUp -->
        <test-method status="PASS" signature="logintest()[pri:4, instance:com.OrangeHrmDemo.qa.Testcases.LoginPageTest@3498ed]" name="logintest" duration-ms="1036" started-at="2023-04-02T14:54:21Z" finished-at="2023-04-02T14:54:22Z">
          <reporter-output>
          </reporter-output>
        </test-method> <!-- logintest -->
        <test-method status="PASS" signature="tearDown()[pri:0, instance:com.OrangeHrmDemo.qa.Testcases.LoginPageTest@3498ed]" name="tearDown" is-config="true" duration-ms="1066" started-at="2023-04-02T14:54:22Z" finished-at="2023-04-02T14:54:23Z">
          <reporter-output>
          </reporter-output>
        </test-method> <!-- tearDown -->
      </class> <!-- com.OrangeHrmDemo.qa.Testcases.LoginPageTest -->
      <class name="com.OrangeHrmDemo.qa.Testcases.DashboardPageTest">
        <test-method status="PASS" signature="setUp()[pri:0, instance:com.OrangeHrmDemo.qa.Testcases.DashboardPageTest@1a407d53]" name="setUp" is-config="true" duration-ms="8295" started-at="2023-04-02T14:54:23Z" finished-at="2023-04-02T14:54:31Z">
          <reporter-output>
          </reporter-output>
        </test-method> <!-- setUp -->
        <test-method status="FAIL" signature="userlabelTest()[pri:1, instance:com.OrangeHrmDemo.qa.Testcases.DashboardPageTest@1a407d53]" name="userlabelTest" duration-ms="10068" started-at="2023-04-02T14:54:31Z" finished-at="2023-04-02T14:54:41Z">
          <exception class="org.openqa.selenium.NoSuchElementException">
            <message>
              <![CDATA[no such element: Unable to locate element: {"method":"xpath","selector":"//p[text()='Paul Collings']"}
  (Session info: chrome=111.0.5563.111)
For documentation on this error, please visit: https://selenium.dev/exceptions/#no_such_element
Build info: version: '4.8.3', revision: 'e5e76298c3'
System info: os.name: 'Windows 10', os.arch: 'amd64', os.version: '10.0', java.version: '1.8.0_361'
Driver info: org.openqa.selenium.chrome.ChromeDriver
Command: [65bfbe64ba5e73959ad6f96f3c29c5e5, findElement {using=xpath, value=//p[text()='Paul Collings']}]
Capabilities {acceptInsecureCerts: false, browserName: chrome, browserVersion: 111.0.5563.111, chrome: {chromedriverVersion: 111.0.5563.64 (c710e93d5b63..., userDataDir: C:\Users\BAPPAR~1\AppData\L...}, goog:chromeOptions: {debuggerAddress: localhost:49869}, networkConnectionEnabled: false, pageLoadStrategy: normal, platformName: WINDOWS, proxy: Proxy(), se:cdp: ws://localhost:49869/devtoo..., se:cdpVersion: 111.0.5563.111, setWindowRect: true, strictFileInteractability: false, timeouts: {implicit: 0, pageLoad: 300000, script: 30000}, unhandledPromptBehavior: dismiss and notify, webauthn:extension:credBlob: true, webauthn:extension:largeBlob: true, webauthn:extension:minPinLength: true, webauthn:extension:prf: true, webauthn:virtualAuthenticators: true}
Session ID: 65bfbe64ba5e73959ad6f96f3c29c5e5]]>
            </message>
            <full-stacktrace>
              <![CDATA[org.openqa.selenium.NoSuchElementException: no such element: Unable to locate element: {"method":"xpath","selector":"//p[text()='Paul Collings']"}
  (Session info: chrome=111.0.5563.111)
For documentation on this error, please visit: https://selenium.dev/exceptions/#no_such_element
Build info: version: '4.8.3', revision: 'e5e76298c3'
System info: os.name: 'Windows 10', os.arch: 'amd64', os.version: '10.0', java.version: '1.8.0_361'
Driver info: org.openqa.selenium.chrome.ChromeDriver
Command: [65bfbe64ba5e73959ad6f96f3c29c5e5, findElement {using=xpath, value=//p[text()='Paul Collings']}]
Capabilities {acceptInsecureCerts: false, browserName: chrome, browserVersion: 111.0.5563.111, chrome: {chromedriverVersion: 111.0.5563.64 (c710e93d5b63..., userDataDir: C:\Users\BAPPAR~1\AppData\L...}, goog:chromeOptions: {debuggerAddress: localhost:49869}, networkConnectionEnabled: false, pageLoadStrategy: normal, platformName: WINDOWS, proxy: Proxy(), se:cdp: ws://localhost:49869/devtoo..., se:cdpVersion: 111.0.5563.111, setWindowRect: true, strictFileInteractability: false, timeouts: {implicit: 0, pageLoad: 300000, script: 30000}, unhandledPromptBehavior: dismiss and notify, webauthn:extension:credBlob: true, webauthn:extension:largeBlob: true, webauthn:extension:minPinLength: true, webauthn:extension:prf: true, webauthn:virtualAuthenticators: true}
Session ID: 65bfbe64ba5e73959ad6f96f3c29c5e5
	at sun.reflect.NativeConstructorAccessorImpl.newInstance0(Native Method)
	at sun.reflect.NativeConstructorAccessorImpl.newInstance(Unknown Source)
	at sun.reflect.DelegatingConstructorAccessorImpl.newInstance(Unknown Source)
	at java.lang.reflect.Constructor.newInstance(Unknown Source)
	at org.openqa.selenium.remote.codec.w3c.W3CHttpResponseCodec.createException(W3CHttpResponseCodec.java:200)
	at org.openqa.selenium.remote.codec.w3c.W3CHttpResponseCodec.decode(W3CHttpResponseCodec.java:133)
	at org.openqa.selenium.remote.codec.w3c.W3CHttpResponseCodec.decode(W3CHttpResponseCodec.java:53)
	at org.openqa.selenium.remote.HttpCommandExecutor.execute(HttpCommandExecutor.java:193)
	at org.openqa.selenium.remote.service.DriverCommandExecutor.invokeExecute(DriverCommandExecutor.java:183)
	at org.openqa.selenium.remote.service.DriverCommandExecutor.execute(DriverCommandExecutor.java:158)
	at org.openqa.selenium.remote.RemoteWebDriver.execute(RemoteWebDriver.java:543)
	at org.openqa.selenium.remote.ElementLocation$ElementFinder$2.findElement(ElementLocation.java:162)
	at org.openqa.selenium.remote.ElementLocation.findElement(ElementLocation.java:60)
	at org.openqa.selenium.remote.RemoteWebDriver.findElement(RemoteWebDriver.java:352)
	at org.openqa.selenium.remote.RemoteWebDriver.findElement(RemoteWebDriver.java:344)
	at org.openqa.selenium.support.pagefactory.DefaultElementLocator.findElement(DefaultElementLocator.java:70)
	at org.openqa.selenium.support.pagefactory.internal.LocatingElementHandler.invoke(LocatingElementHandler.java:39)
	at com.sun.proxy.$Proxy13.isDisplayed(Unknown Source)
	at com.OrangeHrmDemo.qa.Pages.Dashboard.validateuserlabel(Dashboard.java:33)
	at com.OrangeHrmDemo.qa.Testcases.DashboardPageTest.userlabelTest(DashboardPageTest.java:35)
	at sun.reflect.NativeMethodAccessorImpl.invoke0(Native Method)
	at sun.reflect.NativeMethodAccessorImpl.invoke(Unknown Source)
	at sun.reflect.DelegatingMethodAccessorImpl.invoke(Unknown Source)
	at java.lang.reflect.Method.invoke(Unknown Source)
	at org.testng.internal.MethodInvocationHelper.invokeMethod(MethodInvocationHelper.java:86)
	at org.testng.internal.Invoker.invokeMethod(Invoker.java:645)
	at org.testng.internal.Invoker.invokeTestMethod(Invoker.java:822)
	at org.testng.internal.Invoker.invokeTestMethods(Invoker.java:1130)
	at org.testng.internal.TestMethodWorker.invokeTestMethods(TestMethodWorker.java:129)
	at org.testng.internal.TestMethodWorker.run(TestMethodWorker.java:112)
	at org.testng.TestRunner.privateRun(TestRunner.java:782)
	at org.testng.TestRunner.run(TestRunner.java:632)
	at org.testng.SuiteRunner.runTest(SuiteRunner.java:366)
	at org.testng.SuiteRunner.runSequentially(SuiteRunner.java:361)
	at org.testng.SuiteRunner.privateRun(SuiteRunner.java:319)
	at org.testng.SuiteRunner.run(SuiteRunner.java:268)
	at org.testng.SuiteRunnerWorker.runSuite(SuiteRunnerWorker.java:52)
	at org.testng.SuiteRunnerWorker.run(SuiteRunnerWorker.java:86)
	at org.testng.TestNG.runSuitesSequentially(TestNG.java:1244)
	at org.testng.TestNG.runSuitesLocally(TestNG.java:1169)
	at org.testng.TestNG.run(TestNG.java:1064)
	at org.testng.remote.RemoteTestNG.run(RemoteTestNG.java:113)
	at org.testng.remote.RemoteTestNG.initAndRun(RemoteTestNG.java:206)
	at org.testng.remote.RemoteTestNG.main(RemoteTestNG.java:177)
]]>
            </full-stacktrace>
          </exception> <!-- org.openqa.selenium.NoSuchElementException -->
          <reporter-output>
          </reporter-output>
        </test-method> <!-- userlabelTest -->
        <test-method status="PASS" signature="tearDown()[pri:0, instance:com.OrangeHrmDemo.qa.Testcases.DashboardPageTest@1a407d53]" name="tearDown" is-config="true" duration-ms="1076" started-at="2023-04-02T14:54:41Z" finished-at="2023-04-02T14:54:42Z">
          <reporter-output>
          </reporter-output>
        </test-method> <!-- tearDown -->
        <test-method status="PASS" signature="setUp()[pri:0, instance:com.OrangeHrmDemo.qa.Testcases.DashboardPageTest@1a407d53]" name="setUp" is-config="true" duration-ms="8356" started-at="2023-04-02T14:54:42Z" finished-at="2023-04-02T14:54:50Z">
          <reporter-output>
          </reporter-output>
        </test-method> <!-- setUp -->
        <test-method status="PASS" signature="dashboardlabeltest()[pri:2, instance:com.OrangeHrmDemo.qa.Testcases.DashboardPageTest@1a407d53]" name="dashboardlabeltest" duration-ms="439" started-at="2023-04-02T14:54:50Z" finished-at="2023-04-02T14:54:51Z">
          <reporter-output>
          </reporter-output>
        </test-method> <!-- dashboardlabeltest -->
        <test-method status="PASS" signature="tearDown()[pri:0, instance:com.OrangeHrmDemo.qa.Testcases.DashboardPageTest@1a407d53]" name="tearDown" is-config="true" duration-ms="1061" started-at="2023-04-02T14:54:51Z" finished-at="2023-04-02T14:54:52Z">
          <reporter-output>
          </reporter-output>
        </test-method> <!-- tearDown -->
        <test-method status="PASS" signature="setUp()[pri:0, instance:com.OrangeHrmDemo.qa.Testcases.DashboardPageTest@1a407d53]" name="setUp" is-config="true" duration-ms="7537" started-at="2023-04-02T14:54:52Z" finished-at="2023-04-02T14:54:59Z">
          <reporter-output>
          </reporter-output>
        </test-method> <!-- setUp -->
        <test-method status="PASS" signature="myinfotest()[pri:3, instance:com.OrangeHrmDemo.qa.Testcases.DashboardPageTest@1a407d53]" name="myinfotest" duration-ms="3264" started-at="2023-04-02T14:54:59Z" finished-at="2023-04-02T14:55:03Z">
          <reporter-output>
          </reporter-output>
        </test-method> <!-- myinfotest -->
        <test-method status="PASS" signature="tearDown()[pri:0, instance:com.OrangeHrmDemo.qa.Testcases.DashboardPageTest@1a407d53]" name="tearDown" is-config="true" duration-ms="929" started-at="2023-04-02T14:55:03Z" finished-at="2023-04-02T14:55:04Z">
          <reporter-output>
          </reporter-output>
        </test-method> <!-- tearDown -->
        <test-method status="PASS" signature="setUp()[pri:0, instance:com.OrangeHrmDemo.qa.Testcases.DashboardPageTest@1a407d53]" name="setUp" is-config="true" duration-ms="6913" started-at="2023-04-02T14:55:04Z" finished-at="2023-04-02T14:55:11Z">
          <reporter-output>
          </reporter-output>
        </test-method> <!-- setUp -->
        <test-method status="PASS" signature="leavetest()[pri:4, instance:com.OrangeHrmDemo.qa.Testcases.DashboardPageTest@1a407d53]" name="leavetest" duration-ms="3146" started-at="2023-04-02T14:55:11Z" finished-at="2023-04-02T14:55:14Z">
          <reporter-output>
          </reporter-output>
        </test-method> <!-- leavetest -->
        <test-method status="PASS" signature="tearDown()[pri:0, instance:com.OrangeHrmDemo.qa.Testcases.DashboardPageTest@1a407d53]" name="tearDown" is-config="true" duration-ms="986" started-at="2023-04-02T14:55:14Z" finished-at="2023-04-02T14:55:15Z">
          <reporter-output>
          </reporter-output>
        </test-method> <!-- tearDown -->
        <test-method status="PASS" signature="setUp()[pri:0, instance:com.OrangeHrmDemo.qa.Testcases.DashboardPageTest@1a407d53]" name="setUp" is-config="true" duration-ms="6752" started-at="2023-04-02T14:55:15Z" finished-at="2023-04-02T14:55:21Z">
          <reporter-output>
          </reporter-output>
        </test-method> <!-- setUp -->
        <test-method status="PASS" signature="requirmentstest()[pri:5, instance:com.OrangeHrmDemo.qa.Testcases.DashboardPageTest@1a407d53]" name="requirmentstest" duration-ms="3143" started-at="2023-04-02T14:55:21Z" finished-at="2023-04-02T14:55:25Z">
          <reporter-output>
          </reporter-output>
        </test-method> <!-- requirmentstest -->
        <test-method status="PASS" signature="tearDown()[pri:0, instance:com.OrangeHrmDemo.qa.Testcases.DashboardPageTest@1a407d53]" name="tearDown" is-config="true" duration-ms="947" started-at="2023-04-02T14:55:25Z" finished-at="2023-04-02T14:55:26Z">
          <reporter-output>
          </reporter-output>
        </test-method> <!-- tearDown -->
      </class> <!-- com.OrangeHrmDemo.qa.Testcases.DashboardPageTest -->
    </test> <!-- OrangeHRMDemo Test Cases -->
  </suite> <!-- OrangeHRMDemo Application Test Automation Test Suite -->
</testng-results>
